build/app/intermediates/proguard-rules/release/aapt_rules.txt
# Referenced at merged_manifests\release\AndroidManifest.xml:16
-keep class androidx.core.app.CoreComponentFactory { <init>(); }
# Referenced at merged_manifests\release\AndroidManifest.xml:21
-keep class com.example.camera_sqlite.MainActivity { <init>(); }
# Referenced at merged_manifests\release\AndroidManifest.xml:16
-keep class io.flutter.app.FlutterApplication { <init>(); }
# Referenced at merged_manifests\release\AndroidManifest.xml:39
-keep class io.flutter.plugins.imagepicker.ImagePickerFileProvider { <init>(); }