build/app/outputs/mapping/release/mapping.txt
# compiler: R8
# compiler_version: 1.5.64
# min_api: 21
# pg_map_id: c80c877
com.example.camera_sqlite.MainActivity -> com.example.camera_sqlite.MainActivity:
    void configureFlutterEngine(io.flutter.embedding.engine.FlutterEngine) -> a
...
androidx.lifecycle.GenericLifecycleObserver -> androidx.lifecycle.e:
    void onStateChanged(androidx.lifecycle.LifecycleOwner,androidx.lifecycle.Lifecycle$Event) -> a
androidx.lifecycle.Lifecycle -> androidx.lifecycle.f:
    void addObserver(androidx.lifecycle.LifecycleObserver) -> a
    androidx.lifecycle.Lifecycle$State getCurrentState() -> a
    void removeObserver(androidx.lifecycle.LifecycleObserver) -> b
androidx.lifecycle.Lifecycle$Event -> androidx.lifecycle.f$a:
androidx.lifecycle.Lifecycle$State -> androidx.lifecycle.f$b:
    androidx.lifecycle.Lifecycle$State CREATED -> f
    androidx.lifecycle.Lifecycle$State INITIALIZED -> e
    androidx.lifecycle.Lifecycle$State DESTROYED -> d
    androidx.lifecycle.Lifecycle$State RESUMED -> h
    androidx.lifecycle.Lifecycle$State STARTED -> g
    androidx.lifecycle.Lifecycle$State[] $VALUES -> i
    boolean isAtLeast(androidx.lifecycle.Lifecycle$State) -> a
androidx.lifecycle.LifecycleObserver -> androidx.lifecycle.g:
androidx.lifecycle.LifecycleOwner -> androidx.lifecycle.h:
    androidx.lifecycle.Lifecycle getLifecycle() -> c
androidx.lifecycle.LifecycleRegistry -> androidx.lifecycle.i:
    androidx.lifecycle.Lifecycle$State mState -> b
    androidx.arch.core.internal.FastSafeIterableMap mObserverMap -> a
    boolean mHandlingEvent -> e
    java.util.ArrayList mParentStates -> g
    java.lang.ref.WeakReference mLifecycleOwner -> c
    boolean mNewEventOccurred -> f
    int mAddingObserverCounter -> d
    void addObserver(androidx.lifecycle.LifecycleObserver) -> a
    void backwardPass(androidx.lifecycle.LifecycleOwner) -> a
    androidx.lifecycle.Lifecycle$Event downEvent(androidx.lifecycle.Lifecycle$State) -> a
    androidx.lifecycle.Lifecycle$State getCurrentState() -> a
    void handleLifecycleEvent(androidx.lifecycle.Lifecycle$Event) -> a
    androidx.lifecycle.Lifecycle$State min(androidx.lifecycle.Lifecycle$State,androidx.lifecycle.Lifecycle$State) -> a
    void forwardPass(androidx.lifecycle.LifecycleOwner) -> b
    androidx.lifecycle.Lifecycle$State getStateAfter(androidx.lifecycle.Lifecycle$Event) -> b
    boolean isSynced() -> b
    void moveToState(androidx.lifecycle.Lifecycle$State) -> b
    void removeObserver(androidx.lifecycle.LifecycleObserver) -> b
    androidx.lifecycle.Lifecycle$State calculateTargetState(androidx.lifecycle.LifecycleObserver) -> c
    void popParentState() -> c
    void pushParentState(androidx.lifecycle.Lifecycle$State) -> c
    void sync() -> d
    androidx.lifecycle.Lifecycle$Event upEvent(androidx.lifecycle.Lifecycle$State) -> d
androidx.lifecycle.LifecycleRegistry$1 -> androidx.lifecycle.i$a:
    int[] $SwitchMap$androidx$lifecycle$Lifecycle$State -> b
    int[] $SwitchMap$androidx$lifecycle$Lifecycle$Event -> a
androidx.lifecycle.LifecycleRegistry$ObserverWithState -> androidx.lifecycle.i$b:
    androidx.lifecycle.Lifecycle$State mState -> a
    androidx.lifecycle.GenericLifecycleObserver mLifecycleObserver -> b
    void dispatchEvent(androidx.lifecycle.LifecycleOwner,androidx.lifecycle.Lifecycle$Event) -> a
androidx.lifecycle.Lifecycling -> androidx.lifecycle.j:
    java.util.Map sCallbackCache -> a
    java.util.Map sClassToAdapters -> b
    androidx.lifecycle.GeneratedAdapter createGeneratedAdapter(java.lang.reflect.Constructor,java.lang.Object) -> a
    java.lang.reflect.Constructor generatedConstructor(java.lang.Class) -> a
    java.lang.String getAdapterName(java.lang.String) -> a
    androidx.lifecycle.GenericLifecycleObserver getCallback(java.lang.Object) -> a
    int getObserverConstructorType(java.lang.Class) -> b
    boolean isLifecycleParent(java.lang.Class) -> c
    int resolveObserverCallbackType(java.lang.Class) -> d
androidx.lifecycle.LiveData -> androidx.lifecycle.LiveData:
    int mActiveCount -> a
    void dispatchingValue(androidx.lifecycle.LiveData$ObserverWrapper) -> a
    void onActive() -> a
    void removeObserver(androidx.lifecycle.Observer) -> a
    void onInactive() -> b